<?xml version="1.0" encoding="UTF-8"?>
<coverage generated="1511561844">
  <project timestamp="1511561844">
    <package name="PHPForm\Exceptions">
      <file name="/home/sfr/work/github/repos/php-form/src/Exceptions/ValidationError.php">
        <class name="ValidationError" namespace="PHPForm\Exceptions">
          <metrics complexity="2" methods="2" coveredmethods="1" conditionals="0" coveredconditionals="0" statements="4" coveredstatements="3" elements="6" coveredelements="4"/>
        </class>
        <line num="17" type="method" name="__construct" visibility="public" complexity="1" crap="1" count="9"/>
        <line num="19" type="stmt" count="9"/>
        <line num="21" type="stmt" count="9"/>
        <line num="22" type="stmt" count="9"/>
        <line num="27" type="method" name="getMessageCode" visibility="public" complexity="1" crap="2" count="0"/>
        <line num="29" type="stmt" count="0"/>
        <metrics loc="31" ncloc="19" classes="1" methods="2" coveredmethods="1" conditionals="0" coveredconditionals="0" statements="4" coveredstatements="3" elements="6" coveredelements="4"/>
      </file>
    </package>
    <package name="PHPForm\Fields">
      <file name="/home/sfr/work/github/repos/php-form/src/Fields/BooleanField.php">
        <class name="BooleanField" namespace="PHPForm\Fields">
          <metrics complexity="6" methods="2" coveredmethods="0" conditionals="0" coveredconditionals="0" statements="7" coveredstatements="0" elements="9" coveredelements="0"/>
        </class>
        <line num="14" type="method" name="toNative" visibility="public" complexity="3" crap="12" count="0"/>
        <line num="16" type="stmt" count="0"/>
        <line num="17" type="stmt" count="0"/>
        <line num="19" type="stmt" count="0"/>
        <line num="22" type="stmt" count="0"/>
        <line num="28" type="method" name="validate" visibility="public" complexity="3" crap="12" count="0"/>
        <line num="30" type="stmt" count="0"/>
        <line num="31" type="stmt" count="0"/>
        <line num="33" type="stmt" count="0"/>
        <metrics loc="34" ncloc="25" classes="1" methods="2" coveredmethods="0" conditionals="0" coveredconditionals="0" statements="7" coveredstatements="0" elements="9" coveredelements="0"/>
      </file>
      <file name="/home/sfr/work/github/repos/php-form/src/Fields/CharField.php">
        <class name="CharField" namespace="PHPForm\Fields">
          <metrics complexity="8" methods="2" coveredmethods="0" conditionals="0" coveredconditionals="0" statements="12" coveredstatements="0" elements="14" coveredelements="0"/>
        </class>
        <line num="25" type="method" name="__construct" visibility="public" complexity="3" crap="12" count="0"/>
        <line num="27" type="stmt" count="0"/>
        <line num="29" type="stmt" count="0"/>
        <line num="30" type="stmt" count="0"/>
        <line num="32" type="stmt" count="0"/>
        <line num="33" type="stmt" count="0"/>
        <line num="35" type="stmt" count="0"/>
        <line num="37" type="method" name="widgetAttrs" visibility="public" complexity="5" crap="30" count="0"/>
        <line num="39" type="stmt" count="0"/>
        <line num="41" type="stmt" count="0"/>
        <line num="42" type="stmt" count="0"/>
        <line num="44" type="stmt" count="0"/>
        <line num="45" type="stmt" count="0"/>
        <line num="48" type="stmt" count="0"/>
        <metrics loc="50" ncloc="41" classes="1" methods="2" coveredmethods="0" conditionals="0" coveredconditionals="0" statements="12" coveredstatements="0" elements="14" coveredelements="0"/>
      </file>
      <file name="/home/sfr/work/github/repos/php-form/src/Fields/ChoiceField.php">
        <class name="ChoiceField" namespace="PHPForm\Fields">
          <metrics complexity="0" methods="0" coveredmethods="0" conditionals="0" coveredconditionals="0" statements="0" coveredstatements="0" elements="0" coveredelements="0"/>
        </class>
        <metrics loc="9" ncloc="6" classes="0" methods="0" coveredmethods="0" conditionals="0" coveredconditionals="0" statements="0" coveredstatements="0" elements="0" coveredelements="0"/>
      </file>
      <file name="/home/sfr/work/github/repos/php-form/src/Fields/DateField.php">
        <class name="DateField" namespace="PHPForm\Fields">
          <metrics complexity="0" methods="0" coveredmethods="0" conditionals="0" coveredconditionals="0" statements="0" coveredstatements="0" elements="0" coveredelements="0"/>
        </class>
        <metrics loc="9" ncloc="6" classes="0" methods="0" coveredmethods="0" conditionals="0" coveredconditionals="0" statements="0" coveredstatements="0" elements="0" coveredelements="0"/>
      </file>
      <file name="/home/sfr/work/github/repos/php-form/src/Fields/DateTiemField.php">
        <class name="DateTimeField" namespace="PHPForm\Fields">
          <metrics complexity="0" methods="0" coveredmethods="0" conditionals="0" coveredconditionals="0" statements="0" coveredstatements="0" elements="0" coveredelements="0"/>
        </class>
        <metrics loc="9" ncloc="6" classes="0" methods="0" coveredmethods="0" conditionals="0" coveredconditionals="0" statements="0" coveredstatements="0" elements="0" coveredelements="0"/>
      </file>
      <file name="/home/sfr/work/github/repos/php-form/src/Fields/EmailField.php">
        <class name="EmailField" namespace="PHPForm\Fields">
          <metrics complexity="0" methods="0" coveredmethods="0" conditionals="0" coveredconditionals="0" statements="0" coveredstatements="0" elements="0" coveredelements="0"/>
        </class>
        <metrics loc="12" ncloc="9" classes="0" methods="0" coveredmethods="0" conditionals="0" coveredconditionals="0" statements="0" coveredstatements="0" elements="0" coveredelements="0"/>
      </file>
      <file name="/home/sfr/work/github/repos/php-form/src/Fields/Field.php">
        <class name="Field" namespace="PHPForm\Fields">
          <metrics complexity="21" methods="8" coveredmethods="4" conditionals="0" coveredconditionals="0" statements="44" coveredstatements="27" elements="52" coveredelements="31"/>
        </class>
        <line num="70" type="method" name="__construct" visibility="public" complexity="2" crap="2.31" count="7"/>
        <line num="72" type="stmt" count="7"/>
        <line num="74" type="stmt" count="6"/>
        <line num="75" type="stmt" count="0"/>
        <line num="76" type="stmt" count="0"/>
        <line num="77" type="stmt" count="0"/>
        <line num="80" type="stmt" count="6"/>
        <line num="81" type="stmt" count="6"/>
        <line num="90" type="method" name="toNative" visibility="public" complexity="1" crap="1" count="1"/>
        <line num="92" type="stmt" count="1"/>
        <line num="102" type="method" name="validate" visibility="public" complexity="3" crap="3" count="3"/>
        <line num="104" type="stmt" count="3"/>
        <line num="105" type="stmt" count="1"/>
        <line num="107" type="stmt" count="2"/>
        <line num="116" type="method" name="runValidators" visibility="public" complexity="6" crap="25.72" count="1"/>
        <line num="118" type="stmt" count="1"/>
        <line num="119" type="stmt" count="1"/>
        <line num="122" type="stmt" count="0"/>
        <line num="124" type="stmt" count="0"/>
        <line num="126" type="stmt" count="0"/>
        <line num="127" type="stmt" count="0"/>
        <line num="128" type="stmt" count="0"/>
        <line num="129" type="stmt" count="0"/>
        <line num="134" type="stmt" count="0"/>
        <line num="135" type="stmt" count="0"/>
        <line num="137" type="stmt" count="0"/>
        <line num="144" type="method" name="clean" visibility="public" complexity="1" crap="2" count="0"/>
        <line num="146" type="stmt" count="0"/>
        <line num="147" type="stmt" count="0"/>
        <line num="148" type="stmt" count="0"/>
        <line num="149" type="stmt" count="0"/>
        <line num="156" type="method" name="widgetAttrs" visibility="public" complexity="1" crap="2" count="0"/>
        <line num="158" type="stmt" count="0"/>
        <line num="168" type="method" name="getErrorMessages" visibility="public" complexity="3" crap="3" count="6"/>
        <line num="170" type="stmt" count="6"/>
        <line num="171" type="stmt" count="6"/>
        <line num="174" type="stmt" count="6"/>
        <line num="175" type="stmt" count="6"/>
        <line num="177" type="stmt" count="6"/>
        <line num="178" type="stmt" count="6"/>
        <line num="181" type="stmt" count="6"/>
        <line num="183" type="stmt" count="6"/>
        <line num="184" type="stmt" count="6"/>
        <line num="185" type="stmt" count="6"/>
        <line num="188" type="stmt" count="6"/>
        <line num="199" type="method" name="computeArgs" visibility="private" complexity="4" crap="4" count="7"/>
        <line num="201" type="stmt" count="7"/>
        <line num="202" type="stmt" count="3"/>
        <line num="203" type="stmt" count="2"/>
        <line num="204" type="stmt" count="2"/>
        <line num="207" type="stmt" count="3"/>
        <line num="210" type="stmt" count="6"/>
        <metrics loc="211" ncloc="123" classes="1" methods="8" coveredmethods="4" conditionals="0" coveredconditionals="0" statements="44" coveredstatements="27" elements="52" coveredelements="31"/>
      </file>
      <file name="/home/sfr/work/github/repos/php-form/src/Fields/IntegerField.php">
        <class name="IntegerField" namespace="PHPForm\Fields">
          <metrics complexity="10" methods="3" coveredmethods="0" conditionals="0" coveredconditionals="0" statements="15" coveredstatements="0" elements="18" coveredelements="0"/>
        </class>
        <line num="31" type="method" name="__construct" visibility="public" complexity="3" crap="12" count="0"/>
        <line num="33" type="stmt" count="0"/>
        <line num="35" type="stmt" count="0"/>
        <line num="36" type="stmt" count="0"/>
        <line num="38" type="stmt" count="0"/>
        <line num="39" type="stmt" count="0"/>
        <line num="41" type="stmt" count="0"/>
        <line num="43" type="method" name="toNative" visibility="public" complexity="2" crap="6" count="0"/>
        <line num="45" type="stmt" count="0"/>
        <line num="46" type="stmt" count="0"/>
        <line num="48" type="stmt" count="0"/>
        <line num="52" type="method" name="widgetAttrs" visibility="public" complexity="5" crap="30" count="0"/>
        <line num="54" type="stmt" count="0"/>
        <line num="56" type="stmt" count="0"/>
        <line num="57" type="stmt" count="0"/>
        <line num="59" type="stmt" count="0"/>
        <line num="60" type="stmt" count="0"/>
        <line num="63" type="stmt" count="0"/>
        <metrics loc="65" ncloc="56" classes="1" methods="3" coveredmethods="0" conditionals="0" coveredconditionals="0" statements="15" coveredstatements="0" elements="18" coveredelements="0"/>
      </file>
    </package>
    <package name="PHPForm">
      <file name="/home/sfr/work/github/repos/php-form/src/Form.php">
        <class name="Form" namespace="PHPForm">
          <metrics complexity="1" methods="1" coveredmethods="1" conditionals="0" coveredconditionals="0" statements="1" coveredstatements="1" elements="2" coveredelements="2"/>
        </class>
        <line num="7" type="method" name="__construct" visibility="public" complexity="1" crap="1" count="1"/>
        <line num="9" type="stmt" count="1"/>
        <metrics loc="10" ncloc="10" classes="1" methods="1" coveredmethods="1" conditionals="0" coveredconditionals="0" statements="1" coveredstatements="1" elements="2" coveredelements="2"/>
      </file>
    </package>
    <package name="PHPForm\Utils">
      <file name="/home/sfr/work/github/repos/php-form/src/Utils/Attributes.php">
        <class name="Attributes" namespace="PHPForm\Utils">
          <metrics complexity="3" methods="1" coveredmethods="0" conditionals="0" coveredconditionals="0" statements="8" coveredstatements="0" elements="9" coveredelements="0"/>
        </class>
        <line num="11" type="method" name="flatten" visibility="public" complexity="3" crap="12" count="0"/>
        <line num="13" type="stmt" count="0"/>
        <line num="14" type="stmt" count="0"/>
        <line num="17" type="stmt" count="0"/>
        <line num="19" type="stmt" count="0"/>
        <line num="20" type="stmt" count="0"/>
        <line num="21" type="stmt" count="0"/>
        <line num="22" type="stmt" count="0"/>
        <line num="26" type="stmt" count="0"/>
        <metrics loc="28" ncloc="25" classes="1" methods="1" coveredmethods="0" conditionals="0" coveredconditionals="0" statements="8" coveredstatements="0" elements="9" coveredelements="0"/>
      </file>
    </package>
    <package name="PHPForm\Validators">
      <file name="/home/sfr/work/github/repos/php-form/src/Validators/BaseValidator.php">
        <class name="BaseValidator" namespace="PHPForm\Validators">
          <metrics complexity="6" methods="3" coveredmethods="3" conditionals="0" coveredconditionals="0" statements="12" coveredstatements="12" elements="15" coveredelements="15"/>
        </class>
        <line num="17" type="method" name="__construct" visibility="public" complexity="2" crap="2" count="16"/>
        <line num="19" type="stmt" count="16"/>
        <line num="21" type="stmt" count="16"/>
        <line num="22" type="stmt" count="4"/>
        <line num="24" type="stmt" count="16"/>
        <line num="26" type="method" name="__invoke" visibility="public" complexity="2" crap="2" count="16"/>
        <line num="28" type="stmt" count="16"/>
        <line num="30" type="stmt" count="16"/>
        <line num="31" type="stmt" count="8"/>
        <line num="32" type="stmt" count="8"/>
        <line num="33" type="stmt" count="8"/>
        <line num="35" type="stmt" count="8"/>
        <line num="37" type="stmt" count="8"/>
        <line num="39" type="method" name="cleanValue" visibility="protected" complexity="1" crap="1" count="8"/>
        <line num="41" type="stmt" count="8"/>
        <metrics loc="45" ncloc="39" classes="1" methods="3" coveredmethods="3" conditionals="0" coveredconditionals="0" statements="12" coveredstatements="12" elements="15" coveredelements="15"/>
      </file>
      <file name="/home/sfr/work/github/repos/php-form/src/Validators/MaxLengthValidator.php">
        <class name="MaxLengthValidator" namespace="PHPForm\Validators">
          <metrics complexity="2" methods="2" coveredmethods="2" conditionals="0" coveredconditionals="0" statements="2" coveredstatements="2" elements="4" coveredelements="4"/>
        </class>
        <line num="17" type="method" name="cleanValue" visibility="protected" complexity="1" crap="1" count="4"/>
        <line num="19" type="stmt" count="4"/>
        <line num="22" type="method" name="compare" visibility="protected" complexity="1" crap="1" count="4"/>
        <line num="24" type="stmt" count="4"/>
        <metrics loc="26" ncloc="23" classes="1" methods="2" coveredmethods="2" conditionals="0" coveredconditionals="0" statements="2" coveredstatements="2" elements="4" coveredelements="4"/>
      </file>
      <file name="/home/sfr/work/github/repos/php-form/src/Validators/MaxValueValidator.php">
        <class name="MaxValueValidator" namespace="PHPForm\Validators">
          <metrics complexity="1" methods="1" coveredmethods="1" conditionals="0" coveredconditionals="0" statements="1" coveredstatements="1" elements="2" coveredelements="2"/>
        </class>
        <line num="14" type="method" name="compare" visibility="protected" complexity="1" crap="1" count="4"/>
        <line num="16" type="stmt" count="4"/>
        <metrics loc="18" ncloc="15" classes="1" methods="1" coveredmethods="1" conditionals="0" coveredconditionals="0" statements="1" coveredstatements="1" elements="2" coveredelements="2"/>
      </file>
      <file name="/home/sfr/work/github/repos/php-form/src/Validators/MinLengthValidator.php">
        <class name="MinLengthValidator" namespace="PHPForm\Validators">
          <metrics complexity="2" methods="2" coveredmethods="2" conditionals="0" coveredconditionals="0" statements="2" coveredstatements="2" elements="4" coveredelements="4"/>
        </class>
        <line num="14" type="method" name="cleanValue" visibility="protected" complexity="1" crap="1" count="4"/>
        <line num="16" type="stmt" count="4"/>
        <line num="19" type="method" name="compare" visibility="protected" complexity="1" crap="1" count="4"/>
        <line num="21" type="stmt" count="4"/>
        <metrics loc="23" ncloc="20" classes="1" methods="2" coveredmethods="2" conditionals="0" coveredconditionals="0" statements="2" coveredstatements="2" elements="4" coveredelements="4"/>
      </file>
      <file name="/home/sfr/work/github/repos/php-form/src/Validators/MinValueValidator.php">
        <class name="MinValueValidator" namespace="PHPForm\Validators">
          <metrics complexity="1" methods="1" coveredmethods="1" conditionals="0" coveredconditionals="0" statements="1" coveredstatements="1" elements="2" coveredelements="2"/>
        </class>
        <line num="14" type="method" name="compare" visibility="protected" complexity="1" crap="1" count="4"/>
        <line num="16" type="stmt" count="4"/>
        <metrics loc="18" ncloc="15" classes="1" methods="1" coveredmethods="1" conditionals="0" coveredconditionals="0" statements="1" coveredstatements="1" elements="2" coveredelements="2"/>
      </file>
    </package>
    <file name="/home/sfr/work/github/repos/php-form/src/Validators/Validator.php">
      <metrics loc="10" ncloc="7" classes="0" methods="0" coveredmethods="0" conditionals="0" coveredconditionals="0" statements="0" coveredstatements="0" elements="0" coveredelements="0"/>
    </file>
    <package name="PHPForm\Widgets">
      <file name="/home/sfr/work/github/repos/php-form/src/Widgets/EmailInput.php">
        <class name="EmailInput" namespace="PHPForm\Widgets">
          <metrics complexity="0" methods="0" coveredmethods="0" conditionals="0" coveredconditionals="0" statements="0" coveredstatements="0" elements="0" coveredelements="0"/>
        </class>
        <metrics loc="10" ncloc="7" classes="0" methods="0" coveredmethods="0" conditionals="0" coveredconditionals="0" statements="0" coveredstatements="0" elements="0" coveredelements="0"/>
      </file>
      <file name="/home/sfr/work/github/repos/php-form/src/Widgets/FileInput.php">
        <class name="FileInput" namespace="PHPForm\Widgets">
          <metrics complexity="3" methods="2" coveredmethods="0" conditionals="0" coveredconditionals="0" statements="4" coveredstatements="0" elements="6" coveredelements="0"/>
        </class>
        <line num="18" type="method" name="formatValue" visibility="public" complexity="1" crap="2" count="0"/>
        <line num="20" type="stmt" count="0"/>
        <line num="32" type="method" name="valueFromData" visibility="public" complexity="2" crap="6" count="0"/>
        <line num="34" type="stmt" count="0"/>
        <line num="35" type="stmt" count="0"/>
        <line num="38" type="stmt" count="0"/>
        <metrics loc="40" ncloc="21" classes="1" methods="2" coveredmethods="0" conditionals="0" coveredconditionals="0" statements="4" coveredstatements="0" elements="6" coveredelements="0"/>
      </file>
      <file name="/home/sfr/work/github/repos/php-form/src/Widgets/HiddenInput.php">
        <class name="HiddenInput" namespace="PHPForm\Widgets">
          <metrics complexity="0" methods="0" coveredmethods="0" conditionals="0" coveredconditionals="0" statements="0" coveredstatements="0" elements="0" coveredelements="0"/>
        </class>
        <metrics loc="10" ncloc="7" classes="0" methods="0" coveredmethods="0" conditionals="0" coveredconditionals="0" statements="0" coveredstatements="0" elements="0" coveredelements="0"/>
      </file>
      <file name="/home/sfr/work/github/repos/php-form/src/Widgets/Input.php">
        <class name="Input" namespace="PHPForm\Widgets">
          <metrics complexity="3" methods="1" coveredmethods="0" conditionals="0" coveredconditionals="0" statements="10" coveredstatements="0" elements="11" coveredelements="0"/>
        </class>
        <line num="27" type="method" name="render" visibility="public" complexity="3" crap="12" count="0"/>
        <line num="29" type="stmt" count="0"/>
        <line num="30" type="stmt" count="0"/>
        <line num="32" type="stmt" count="0"/>
        <line num="33" type="stmt" count="0"/>
        <line num="36" type="stmt" count="0"/>
        <line num="37" type="stmt" count="0"/>
        <line num="38" type="stmt" count="0"/>
        <line num="39" type="stmt" count="0"/>
        <line num="40" type="stmt" count="0"/>
        <line num="42" type="stmt" count="0"/>
        <metrics loc="43" ncloc="28" classes="1" methods="1" coveredmethods="0" conditionals="0" coveredconditionals="0" statements="10" coveredstatements="0" elements="11" coveredelements="0"/>
      </file>
      <file name="/home/sfr/work/github/repos/php-form/src/Widgets/NumberInput.php">
        <class name="NumberInput" namespace="PHPForm\Widgets">
          <metrics complexity="0" methods="0" coveredmethods="0" conditionals="0" coveredconditionals="0" statements="0" coveredstatements="0" elements="0" coveredelements="0"/>
        </class>
        <metrics loc="10" ncloc="7" classes="0" methods="0" coveredmethods="0" conditionals="0" coveredconditionals="0" statements="0" coveredstatements="0" elements="0" coveredelements="0"/>
      </file>
      <file name="/home/sfr/work/github/repos/php-form/src/Widgets/TextInput.php">
        <class name="TextInput" namespace="PHPForm\Widgets">
          <metrics complexity="0" methods="0" coveredmethods="0" conditionals="0" coveredconditionals="0" statements="0" coveredstatements="0" elements="0" coveredelements="0"/>
        </class>
        <metrics loc="10" ncloc="7" classes="0" methods="0" coveredmethods="0" conditionals="0" coveredconditionals="0" statements="0" coveredstatements="0" elements="0" coveredelements="0"/>
      </file>
      <file name="/home/sfr/work/github/repos/php-form/src/Widgets/URLInput.php">
        <class name="URLInput" namespace="PHPForm\Widgets">
          <metrics complexity="0" methods="0" coveredmethods="0" conditionals="0" coveredconditionals="0" statements="0" coveredstatements="0" elements="0" coveredelements="0"/>
        </class>
        <metrics loc="10" ncloc="7" classes="0" methods="0" coveredmethods="0" conditionals="0" coveredconditionals="0" statements="0" coveredstatements="0" elements="0" coveredelements="0"/>
      </file>
      <file name="/home/sfr/work/github/repos/php-form/src/Widgets/Widget.php">
        <class name="Widget" namespace="PHPForm\Widgets">
          <metrics complexity="13" methods="6" coveredmethods="0" conditionals="0" coveredconditionals="0" statements="17" coveredstatements="0" elements="23" coveredelements="0"/>
        </class>
        <line num="22" type="method" name="__construct" visibility="public" complexity="2" crap="6" count="0"/>
        <line num="24" type="stmt" count="0"/>
        <line num="25" type="stmt" count="0"/>
        <line num="27" type="stmt" count="0"/>
        <line num="41" type="method" name="formatValue" visibility="public" complexity="3" crap="12" count="0"/>
        <line num="43" type="stmt" count="0"/>
        <line num="44" type="stmt" count="0"/>
        <line num="47" type="stmt" count="0"/>
        <line num="59" type="method" name="valueFromData" visibility="public" complexity="2" crap="6" count="0"/>
        <line num="61" type="stmt" count="0"/>
        <line num="62" type="stmt" count="0"/>
        <line num="65" type="stmt" count="0"/>
        <line num="73" type="method" name="setIsRequired" visibility="public" complexity="1" crap="2" count="0"/>
        <line num="75" type="stmt" count="0"/>
        <line num="76" type="stmt" count="0"/>
        <line num="83" type="method" name="setAttrs" visibility="public" complexity="1" crap="2" count="0"/>
        <line num="85" type="stmt" count="0"/>
        <line num="86" type="stmt" count="0"/>
        <line num="93" type="method" name="buildAttrs" visibility="public" complexity="3" crap="12" count="0"/>
        <line num="95" type="stmt" count="0"/>
        <line num="97" type="stmt" count="0"/>
        <line num="98" type="stmt" count="0"/>
        <line num="101" type="stmt" count="0"/>
        <metrics loc="103" ncloc="57" classes="1" methods="6" coveredmethods="0" conditionals="0" coveredconditionals="0" statements="17" coveredstatements="0" elements="23" coveredelements="0"/>
      </file>
    </package>
    <metrics files="25" loc="844" ncloc="586" classes="15" methods="37" coveredmethods="15" conditionals="0" coveredconditionals="0" statements="140" coveredstatements="49" elements="177" coveredelements="64"/>
  </project>
</coverage>
